  Character.cpp
c:\work\jeongwookim\project5\project5\mapdraw.h(20): warning C4838: 'int'에서 'SHORT'(으)로의 변환에는 축소 변환이 필요합니다.
  Dungeon.cpp
c:\work\jeongwookim\project5\project5\mapdraw.h(20): warning C4838: 'int'에서 'SHORT'(으)로의 변환에는 축소 변환이 필요합니다.
c:\work\jeongwookim\project5\project5\dungeon.cpp(51): warning C4996: 'getch': The POSIX name for this item is deprecated. Instead, use the ISO C and C++ conformant name: _getch. See online help for details.
  c:\program files (x86)\windows kits\10\include\10.0.17763.0\ucrt\conio.h(453): note: 'getch' 선언을 참조하십시오.
  GameManage.cpp
c:\work\jeongwookim\project5\project5\mapdraw.h(20): warning C4838: 'int'에서 'SHORT'(으)로의 변환에는 축소 변환이 필요합니다.
c:\work\jeongwookim\project5\project5\gamemanage.cpp(8): warning C4996: 'sprintf': This function or variable may be unsafe. Consider using sprintf_s instead. To disable deprecation, use _CRT_SECURE_NO_WARNINGS. See online help for details.
  c:\program files (x86)\windows kits\10\include\10.0.17763.0\ucrt\stdio.h(1774): note: 'sprintf' 선언을 참조하십시오.
c:\work\jeongwookim\project5\project5\gamemanage.cpp(239): warning C4996: 'getch': The POSIX name for this item is deprecated. Instead, use the ISO C and C++ conformant name: _getch. See online help for details.
  c:\program files (x86)\windows kits\10\include\10.0.17763.0\ucrt\conio.h(453): note: 'getch' 선언을 참조하십시오.
c:\work\jeongwookim\project5\project5\gamemanage.cpp(251): warning C4996: 'getch': The POSIX name for this item is deprecated. Instead, use the ISO C and C++ conformant name: _getch. See online help for details.
  c:\program files (x86)\windows kits\10\include\10.0.17763.0\ucrt\conio.h(453): note: 'getch' 선언을 참조하십시오.
  소스.cpp
c:\work\jeongwookim\project5\project5\mapdraw.h(20): warning C4838: 'int'에서 'SHORT'(으)로의 변환에는 축소 변환이 필요합니다.
c:\work\jeongwookim\project5\project5\소스.cpp(4): warning C4326: 'main'의 반환 형식이 'int'이어야 하는데 'void'입니다.
  코드를 생성하고 있습니다...
Dungeon.obj : error LNK2019: "public: enum PLAY __thiscall Dungeon::Battle(class Character *,class Character *,char)" (?Battle@Dungeon@@QAE?AW4PLAY@@PAVCharacter@@0D@Z) 외부 기호(참조 위치: "public: void __thiscall Dungeon::Stage(class Character *,class Character *)" (?Stage@Dungeon@@QAEXPAVCharacter@@0@Z) 함수)에서 확인하지 못했습니다.
C:\work\jeongwookim\Project5\Debug\Project5.exe : fatal error LNK1120: 1개의 확인할 수 없는 외부 참조입니다.
