  Character.cpp
c:\users\admin\documents\github\jeongwookim\etc\mushroom\mushroom\mapdraw.h(47): warning C4838: 'int'에서 'SHORT'(으)로의 변환에는 축소 변환이 필요합니다.
  Enemy.cpp
c:\users\admin\documents\github\jeongwookim\etc\mushroom\mushroom\mapdraw.h(47): warning C4838: 'int'에서 'SHORT'(으)로의 변환에는 축소 변환이 필요합니다.
  Garen.cpp
c:\users\admin\documents\github\jeongwookim\etc\mushroom\mushroom\mapdraw.h(47): warning C4838: 'int'에서 'SHORT'(으)로의 변환에는 축소 변환이 필요합니다.
  Main.cpp
c:\users\admin\documents\github\jeongwookim\etc\mushroom\mushroom\mapdraw.h(47): warning C4838: 'int'에서 'SHORT'(으)로의 변환에는 축소 변환이 필요합니다.
c:\users\admin\documents\github\jeongwookim\etc\mushroom\mushroom\main.cpp(6): warning C4326: 'main'의 반환 형식이 'int'이어야 하는데 'void'입니다.
  MovingObject.cpp
c:\users\admin\documents\github\jeongwookim\etc\mushroom\mushroom\mapdraw.h(47): warning C4838: 'int'에서 'SHORT'(으)로의 변환에는 축소 변환이 필요합니다.
  Mushroom.cpp
c:\users\admin\documents\github\jeongwookim\etc\mushroom\mushroom\mapdraw.h(47): warning C4838: 'int'에서 'SHORT'(으)로의 변환에는 축소 변환이 필요합니다.
  Player.cpp
c:\users\admin\documents\github\jeongwookim\etc\mushroom\mushroom\mapdraw.h(47): warning C4838: 'int'에서 'SHORT'(으)로의 변환에는 축소 변환이 필요합니다.
  Projectile.cpp
c:\users\admin\documents\github\jeongwookim\etc\mushroom\mushroom\mapdraw.h(47): warning C4838: 'int'에서 'SHORT'(으)로의 변환에는 축소 변환이 필요합니다.
  StageManage.cpp
c:\users\admin\documents\github\jeongwookim\etc\mushroom\mushroom\mapdraw.h(47): warning C4838: 'int'에서 'SHORT'(으)로의 변환에는 축소 변환이 필요합니다.
  Teemo.cpp
c:\users\admin\documents\github\jeongwookim\etc\mushroom\mushroom\mapdraw.h(47): warning C4838: 'int'에서 'SHORT'(으)로의 변환에는 축소 변환이 필요합니다.
  Trap.cpp
c:\users\admin\documents\github\jeongwookim\etc\mushroom\mushroom\mapdraw.h(47): warning C4838: 'int'에서 'SHORT'(으)로의 변환에는 축소 변환이 필요합니다.
  코드를 생성하고 있습니다...
  Mushroom.vcxproj -> C:\Users\Admin\Documents\GitHub\jeongwookim\ETC\Mushroom\Debug\Mushroom.exe
