c:\users\sinis\onedrive\바탕 화면\rpg게임\x64\debug\rpg게임.exe
c:\users\sinis\onedrive\바탕 화면\rpg게임\x64\debug\rpg게임.ilk
c:\users\sinis\onedrive\바탕 화면\rpg게임\x64\debug\rpg게임.pdb
c:\users\sinis\onedrive\바탕 화면\kkobukk\제출\상속rpg마무리\x64\debug\rpg게임.exe
c:\users\sinis\onedrive\바탕 화면\kkobukk\제출\상속rpg마무리\x64\debug\rpg게임.ilk
c:\users\sinis\onedrive\바탕 화면\kkobukk\제출\상속rpg마무리\x64\debug\rpg게임.pdb
c:\users\sinis\onedrive\바탕 화면\kkobukk\제출\rpg상속마무리\x64\debug\rpg게임.exe
c:\users\sinis\onedrive\바탕 화면\kkobukk\제출\rpg상속마무리\x64\debug\rpg게임.ilk
c:\users\sinis\onedrive\바탕 화면\kkobukk\제출\rpg상속마무리\x64\debug\rpg게임.pdb
e:\강의자료\기초반자료\제출\rpg상속마무리\x64\debug\rpg게임.ilk
e:\강의자료\기초반자료\제출\rpg상속마무리\x64\debug\rpg게임.exe
e:\강의자료\기초반자료\제출\rpg상속마무리\x64\debug\rpg게임.pdb
e:\강의자료\기초반자료\제출\rpg상속마무리\rpg게임\x64\debug\vc141.pdb
e:\강의자료\기초반자료\제출\rpg상속마무리\rpg게임\x64\debug\vc141.idb
e:\강의자료\기초반자료\제출\rpg상속마무리\rpg게임\x64\debug\weapon.obj
e:\강의자료\기초반자료\제출\rpg상속마무리\rpg게임\x64\debug\wand.obj
e:\강의자료\기초반자료\제출\rpg상속마무리\rpg게임\x64\debug\sword.obj
e:\강의자료\기초반자료\제출\rpg상속마무리\rpg게임\x64\debug\shop.obj
e:\강의자료\기초반자료\제출\rpg상속마무리\rpg게임\x64\debug\mapdraw.obj
e:\강의자료\기초반자료\제출\rpg상속마무리\rpg게임\x64\debug\main.obj
e:\강의자료\기초반자료\제출\rpg상속마무리\rpg게임\x64\debug\hammer.obj
e:\강의자료\기초반자료\제출\rpg상속마무리\rpg게임\x64\debug\gun.obj
e:\강의자료\기초반자료\제출\rpg상속마무리\rpg게임\x64\debug\game.obj
e:\강의자료\기초반자료\제출\rpg상속마무리\rpg게임\x64\debug\dagger.obj
e:\강의자료\기초반자료\제출\rpg상속마무리\rpg게임\x64\debug\character.obj
e:\강의자료\기초반자료\제출\rpg상속마무리\rpg게임\x64\debug\bow.obj
e:\강의자료\기초반자료\제출\rpg상속마무리\rpg게임\x64\debug\character.obj.enc
e:\강의자료\기초반자료\제출\rpg상속마무리\rpg게임\x64\debug\shop.obj.enc
e:\강의자료\기초반자료\제출\rpg상속마무리\rpg게임\x64\debug\rpg게임.tlog\cl.command.1.tlog
e:\강의자료\기초반자료\제출\rpg상속마무리\rpg게임\x64\debug\rpg게임.tlog\link.command.1.tlog
e:\강의자료\기초반자료\제출\rpg상속마무리\rpg게임\x64\debug\rpg게임.tlog\link.write.1.tlog
e:\강의자료\기초반자료\제출\rpg상속마무리\rpg게임\x64\debug\rpg게임.tlog\cl.read.1.tlog
e:\강의자료\기초반자료\제출\rpg상속마무리\rpg게임\x64\debug\rpg게임.tlog\link.read.1.tlog
e:\강의자료\기초반자료\제출\rpg상속마무리\rpg게임\x64\debug\rpg게임.tlog\cl.write.1.tlog
