c:\users\e-01\desktop\chapter8\infixcalculator\debug\vc141.pdb
c:\users\e-01\desktop\chapter8\infixcalculator\debug\vc141.idb
c:\users\e-01\desktop\chapter8\infixcalculator\debug\postcalculator.obj
c:\users\e-01\desktop\chapter8\infixcalculator\debug\listbasestack.obj
c:\users\e-01\desktop\chapter8\infixcalculator\debug\infixtopostfix.obj
c:\users\e-01\desktop\chapter8\infixcalculator\debug\infixcalculatormain.obj
c:\users\e-01\desktop\chapter8\infixcalculator\debug\infixcalculator.obj
c:\users\admin\documents\github\jeongwookim\참고코드\c_database\활용코드\chapter_3\infixcalculator\debug\vc141.pdb
c:\users\admin\documents\github\jeongwookim\참고코드\c_database\활용코드\chapter_3\infixcalculator\debug\vc141.idb
c:\users\admin\documents\github\jeongwookim\참고코드\c_database\활용코드\chapter_3\infixcalculator\debug\postcalculator.obj
c:\users\admin\documents\github\jeongwookim\참고코드\c_database\활용코드\chapter_3\infixcalculator\debug\listbasestack.obj
c:\users\admin\documents\github\jeongwookim\참고코드\c_database\활용코드\chapter_3\infixcalculator\debug\infixtopostfix.obj
c:\users\admin\documents\github\jeongwookim\참고코드\c_database\활용코드\chapter_3\infixcalculator\debug\infixcalculatormain.obj
c:\users\admin\documents\github\jeongwookim\참고코드\c_database\활용코드\chapter_3\infixcalculator\debug\infixcalculator.obj
c:\users\e-01\desktop\chapter8\debug\infixcalculator.ilk
c:\users\e-01\desktop\chapter8\debug\infixcalculator.exe
c:\users\e-01\desktop\chapter8\debug\infixcalculator.pdb
c:\users\admin\documents\github\jeongwookim\참고코드\c_database\활용코드\chapter_3\infixcalculator\debug\infixcalculator.ilk
c:\users\admin\documents\github\jeongwookim\참고코드\c_database\활용코드\chapter_3\infixcalculator\debug\infixcalculator.exe
c:\users\admin\documents\github\jeongwookim\참고코드\c_database\활용코드\chapter_3\infixcalculator\debug\infixcalculator.pdb
c:\users\a05\desktop\github\jeongwookim\참고코드\c_database\활용코드\chapter_3\infixcalculator\debug\infixcalculator.obj
c:\users\a05\desktop\github\jeongwookim\참고코드\c_database\활용코드\chapter_3\infixcalculator\debug\infixcalculatormain.obj
c:\users\a05\desktop\github\jeongwookim\참고코드\c_database\활용코드\chapter_3\infixcalculator\debug\infixtopostfix.obj
c:\users\a05\desktop\github\jeongwookim\참고코드\c_database\활용코드\chapter_3\infixcalculator\debug\listbasestack.obj
c:\users\a05\desktop\github\jeongwookim\참고코드\c_database\활용코드\chapter_3\infixcalculator\debug\postcalculator.obj
c:\users\a05\desktop\github\jeongwookim\참고코드\c_database\활용코드\chapter_3\infixcalculator\debug\infixcalculator.ilk
c:\users\a05\desktop\github\jeongwookim\참고코드\c_database\활용코드\chapter_3\infixcalculator\debug\vc141.idb
c:\users\a05\desktop\github\jeongwookim\참고코드\c_database\활용코드\chapter_3\infixcalculator\debug\infixcalculator.pdb
c:\users\a05\desktop\github\jeongwookim\참고코드\c_database\활용코드\chapter_3\infixcalculator\debug\vc141.pdb
c:\users\a05\desktop\github\jeongwookim\참고코드\c_database\활용코드\chapter_3\infixcalculator\debug\infixcalculator.exe
c:\users\a05\desktop\github\jeongwookim\참고코드\c_database\활용코드\chapter_3\infixcalculator\debug\infixcalculator.tlog\cl.command.1.tlog
c:\users\a05\desktop\github\jeongwookim\참고코드\c_database\활용코드\chapter_3\infixcalculator\debug\infixcalculator.tlog\cl.read.1.tlog
c:\users\a05\desktop\github\jeongwookim\참고코드\c_database\활용코드\chapter_3\infixcalculator\debug\infixcalculator.tlog\cl.write.1.tlog
c:\users\a05\desktop\github\jeongwookim\참고코드\c_database\활용코드\chapter_3\infixcalculator\debug\infixcalculator.tlog\link.command.1.tlog
c:\users\a05\desktop\github\jeongwookim\참고코드\c_database\활용코드\chapter_3\infixcalculator\debug\infixcalculator.tlog\link.read.1.tlog
c:\users\a05\desktop\github\jeongwookim\참고코드\c_database\활용코드\chapter_3\infixcalculator\debug\infixcalculator.tlog\link.write.1.tlog
